{
  "uid" : "10ffcc1a426ef058",
  "name" : "TestLogin.test_login",
  "title" : "Test login",
  "time" : {
    "start" : 1492746842831,
    "stop" : 1492746873457,
    "duration" : 30626
  },
  "summary" : {
    "attachments" : 0,
    "steps" : 1
  },
  "failure" : {
    "message" : "AssertionError: assert False\n +  where False = <bound method ElementActions._find_text_in_page of <base.action.ElementActions object at 0x000001F7DC357518>>('登陆成功')\n +    where <bound method ElementActions._find_text_in_page of <base.action.ElementActions object at 0x000001F7DC357518>> = <base.action.ElementActions object at 0x000001F7DC357518>._find_text_in_page",
    "stackTrace" : "self = <test.test_home.TestLogin object at 0x000001F7DC288320>\naction = <base.action.ElementActions object at 0x000001F7DC357518>\n\n    def test_login(self, action: ElementActions):\n        L.d('test_login')\n        account = Steps.get_account()\n        action.sleep(3)\n        # action.test_SwipeGuideImages()\n        action.click(HomePage.登录入口)\n        action.text(LoginPage.账户, account[0])\n        action.text(LoginPage.密码, account[1])\n        action.sleep(1)\n        action.click(LoginPage.登录)\n        action.sleep(3)\n>       assert action._find_text_in_page(\"登陆成功\")\nE       AssertionError: assert False\nE        +  where False = <bound method ElementActions._find_text_in_page of <base.action.ElementActions object at 0x000001F7DC357518>>('登陆成功')\nE        +    where <bound method ElementActions._find_text_in_page of <base.action.ElementActions object at 0x000001F7DC357518>> = <base.action.ElementActions object at 0x000001F7DC357518>._find_text_in_page\n\ntest\\test_home.py:21: AssertionError"
  },
  "description" : null,
  "severity" : "NORMAL",
  "status" : "FAILED",
  "suite" : {
    "uid" : "69c3e4b19db299b2",
    "name" : "test.test_home",
    "title" : "Test home"
  },
  "steps" : [ {
    "name" : "获取账号和密码",
    "title" : "获取账号和密码",
    "time" : {
      "start" : 1492746847378,
      "stop" : 1492746847380,
      "duration" : 2
    },
    "summary" : {
      "attachments" : 0,
      "steps" : 0
    },
    "status" : "PASSED",
    "attachments" : [ ],
    "steps" : [ ]
  } ],
  "attachments" : [ ],
  "issues" : [ ],
  "testIds" : [ ],
  "labels" : [ {
    "name" : "host",
    "value" : "DESKTOP-33SMPDQ"
  }, {
    "name" : "thread",
    "value" : "16820-MainThread"
  }, {
    "name" : "suite-title",
    "value" : null
  }, {
    "name" : "suite-name",
    "value" : "test.test_home"
  }, {
    "name" : "severity",
    "value" : "normal"
  } ],
  "parameters" : [ ]
}